timestamp: 2018-04-30T16:48:34.865829
CREATE TABLE auth_user(
    id INTEGER PRIMARY KEY AUTOINCREMENT,
    first_name CHAR(128),
    last_name CHAR(128),
    email CHAR(512),
    password CHAR(512),
    registration_key CHAR(512),
    reset_password_key CHAR(512),
    registration_id CHAR(512)
);
success!
timestamp: 2018-04-30T16:48:34.909319
CREATE TABLE auth_group(
    id INTEGER PRIMARY KEY AUTOINCREMENT,
    role CHAR(512),
    description TEXT
);
success!
timestamp: 2018-04-30T16:48:34.948257
CREATE TABLE auth_membership(
    id INTEGER PRIMARY KEY AUTOINCREMENT,
    user_id INTEGER REFERENCES auth_user (id) ON DELETE CASCADE  ,
    group_id INTEGER REFERENCES auth_group (id) ON DELETE CASCADE  
);
success!
timestamp: 2018-04-30T16:48:34.992954
CREATE TABLE auth_permission(
    id INTEGER PRIMARY KEY AUTOINCREMENT,
    group_id INTEGER REFERENCES auth_group (id) ON DELETE CASCADE  ,
    name CHAR(512),
    table_name CHAR(512),
    record_id INTEGER
);
success!
timestamp: 2018-04-30T16:48:35.033169
CREATE TABLE auth_event(
    id INTEGER PRIMARY KEY AUTOINCREMENT,
    time_stamp TIMESTAMP,
    client_ip CHAR(512),
    user_id INTEGER REFERENCES auth_user (id) ON DELETE CASCADE  ,
    origin CHAR(512),
    description TEXT
);
success!
timestamp: 2018-04-30T16:48:35.077799
CREATE TABLE auth_cas(
    id INTEGER PRIMARY KEY AUTOINCREMENT,
    user_id INTEGER REFERENCES auth_user (id) ON DELETE CASCADE  ,
    created_on TIMESTAMP,
    service CHAR(512),
    ticket CHAR(512),
    renew CHAR(1)
);
success!
timestamp: 2018-04-30T22:15:59.314928
CREATE TABLE concept(
    id INTEGER PRIMARY KEY AUTOINCREMENT,
    name CHAR(512),
    symbol CHAR(512)
);
success!
timestamp: 2018-04-30T22:20:56.805917
CREATE TABLE node(
    id INTEGER PRIMARY KEY AUTOINCREMENT,
    concept INTEGER REFERENCES concept (id) ON DELETE CASCADE  ,
    head INTEGER REFERENCES node (id) ON DELETE CASCADE  ,
    reference INTEGER REFERENCES node (id) ON DELETE CASCADE  
);
success!
timestamp: 2018-04-30T22:21:57.287011
CREATE TABLE law(
    id INTEGER PRIMARY KEY AUTOINCREMENT,
    name CHAR(512),
    description CHAR(512)
);
success!
timestamp: 2018-04-30T22:21:57.321265
CREATE TABLE law_node(
    id INTEGER PRIMARY KEY AUTOINCREMENT,
    law INTEGER REFERENCES law (id) ON DELETE CASCADE  ,
    concept INTEGER REFERENCES concept (id) ON DELETE CASCADE  ,
    head INTEGER REFERENCES law_node (id) ON DELETE CASCADE  ,
    reference INTEGER REFERENCES law_node (id) ON DELETE CASCADE  
);
success!
timestamp: 2018-05-02T21:37:10.940411
CREATE TABLE auth_user(
    id INT AUTO_INCREMENT NOT NULL,
    first_name VARCHAR(128),
    last_name VARCHAR(128),
    email VARCHAR(512),
    password VARCHAR(512),
    registration_key VARCHAR(512),
    reset_password_key VARCHAR(512),
    registration_id VARCHAR(512),
    PRIMARY KEY (id)
) ENGINE=InnoDB CHARACTER SET utf8;
success!
timestamp: 2018-05-02T21:37:10.994727
CREATE TABLE auth_group(
    id INT AUTO_INCREMENT NOT NULL,
    role VARCHAR(512),
    description LONGTEXT,
    PRIMARY KEY (id)
) ENGINE=InnoDB CHARACTER SET utf8;
success!
timestamp: 2018-05-02T21:37:11.033173
CREATE TABLE auth_membership(
    id INT AUTO_INCREMENT NOT NULL,
    user_id INT  , INDEX user_id__idx (user_id), FOREIGN KEY (user_id) REFERENCES auth_user (id) ON DELETE CASCADE,
    group_id INT  , INDEX group_id__idx (group_id), FOREIGN KEY (group_id) REFERENCES auth_group (id) ON DELETE CASCADE,
    PRIMARY KEY (id)
) ENGINE=InnoDB CHARACTER SET utf8;
success!
timestamp: 2018-05-02T21:37:11.079295
CREATE TABLE auth_permission(
    id INT AUTO_INCREMENT NOT NULL,
    group_id INT  , INDEX group_id__idx (group_id), FOREIGN KEY (group_id) REFERENCES auth_group (id) ON DELETE CASCADE,
    name VARCHAR(512),
    table_name VARCHAR(512),
    record_id INT,
    PRIMARY KEY (id)
) ENGINE=InnoDB CHARACTER SET utf8;
success!
timestamp: 2018-05-02T21:37:11.130953
CREATE TABLE auth_event(
    id INT AUTO_INCREMENT NOT NULL,
    time_stamp DATETIME,
    client_ip VARCHAR(512),
    user_id INT  , INDEX user_id__idx (user_id), FOREIGN KEY (user_id) REFERENCES auth_user (id) ON DELETE CASCADE,
    origin VARCHAR(512),
    description LONGTEXT,
    PRIMARY KEY (id)
) ENGINE=InnoDB CHARACTER SET utf8;
success!
timestamp: 2018-05-02T21:37:11.258543
CREATE TABLE auth_cas(
    id INT AUTO_INCREMENT NOT NULL,
    user_id INT  , INDEX user_id__idx (user_id), FOREIGN KEY (user_id) REFERENCES auth_user (id) ON DELETE CASCADE,
    created_on DATETIME,
    service VARCHAR(512),
    ticket VARCHAR(512),
    renew CHAR(1),
    PRIMARY KEY (id)
) ENGINE=InnoDB CHARACTER SET utf8;
success!
timestamp: 2018-05-02T21:37:11.364526
CREATE TABLE concept(
    id INT AUTO_INCREMENT NOT NULL,
    name VARCHAR(512),
    symbol VARCHAR(512),
    PRIMARY KEY (id)
) ENGINE=InnoDB CHARACTER SET utf8;
success!
timestamp: 2018-05-02T21:37:11.403497
CREATE TABLE node(
    id INT AUTO_INCREMENT NOT NULL,
    concept INT  , INDEX concept__idx (concept), FOREIGN KEY (concept) REFERENCES concept (id) ON DELETE CASCADE,
    head INT  , INDEX head__idx (head), FOREIGN KEY (head) REFERENCES node (id) ON DELETE CASCADE,
    reference INT  , INDEX reference__idx (reference), FOREIGN KEY (reference) REFERENCES node (id) ON DELETE CASCADE,
    PRIMARY KEY (id)
) ENGINE=InnoDB CHARACTER SET utf8;
success!
timestamp: 2018-05-02T21:37:11.463149
CREATE TABLE law(
    id INT AUTO_INCREMENT NOT NULL,
    name VARCHAR(512),
    description VARCHAR(512),
    PRIMARY KEY (id)
) ENGINE=InnoDB CHARACTER SET utf8;
success!
timestamp: 2018-05-02T21:37:11.551257
CREATE TABLE law_node(
    id INT AUTO_INCREMENT NOT NULL,
    law INT  , INDEX law__idx (law), FOREIGN KEY (law) REFERENCES law (id) ON DELETE CASCADE,
    concept INT  , INDEX concept__idx (concept), FOREIGN KEY (concept) REFERENCES concept (id) ON DELETE CASCADE,
    head INT  , INDEX head__idx (head), FOREIGN KEY (head) REFERENCES law_node (id) ON DELETE CASCADE,
    reference INT  , INDEX reference__idx (reference), FOREIGN KEY (reference) REFERENCES law_node (id) ON DELETE CASCADE,
    PRIMARY KEY (id)
) ENGINE=InnoDB CHARACTER SET utf8;
success!
timestamp: 2018-05-03T21:46:13.379084
CREATE TABLE framework(
    id INT AUTO_INCREMENT NOT NULL,
    name VARCHAR(512),
    description VARCHAR(512),
    PRIMARY KEY (id)
) ENGINE=InnoDB CHARACTER SET utf8;
success!
timestamp: 2018-05-03T21:46:13.469451
ALTER TABLE concept ADD framework INT  , ADD INDEX framework__idx (framework), ADD FOREIGN KEY (framework) REFERENCES framework (id) ON DELETE CASCADE;
success!
timestamp: 2018-05-03T21:46:13.723520
ALTER TABLE concept ADD description VARCHAR(512);
success!
success!
timestamp: 2018-05-03T21:46:13.857139
ALTER TABLE law ADD framework INT  , ADD INDEX framework__idx (framework), ADD FOREIGN KEY (framework) REFERENCES framework (id) ON DELETE CASCADE;
success!
success!
timestamp: 2018-05-03T21:46:14.036199
ALTER TABLE node ADD law INT  , ADD INDEX law__idx (law), ADD FOREIGN KEY (law) REFERENCES law (id) ON DELETE CASCADE;
success!
timestamp: 2018-05-07T16:22:50.022445
CREATE TABLE framework_dependencies(
    id INT AUTO_INCREMENT NOT NULL,
    framework INT  , INDEX framework__idx (framework), FOREIGN KEY (framework) REFERENCES framework (id) ON DELETE CASCADE,
    dependency INT  , INDEX dependency__idx (dependency), FOREIGN KEY (dependency) REFERENCES framework (id) ON DELETE CASCADE,
    PRIMARY KEY (id)
) ENGINE=InnoDB CHARACTER SET utf8;
success!
timestamp: 2018-05-07T16:27:57.045710
CREATE TABLE framework_dependency(
    id INT AUTO_INCREMENT NOT NULL,
    framework INT  , INDEX framework__idx (framework), FOREIGN KEY (framework) REFERENCES framework (id) ON DELETE CASCADE,
    dependency INT  , INDEX dependency__idx (dependency), FOREIGN KEY (dependency) REFERENCES framework (id) ON DELETE CASCADE,
    PRIMARY KEY (id)
) ENGINE=InnoDB CHARACTER SET utf8;
success!
timestamp: 2018-05-07T16:52:46.826116
ALTER TABLE node ADD predicate CHAR(1);
success!
success!
timestamp: 2018-05-15T19:27:59.083338
ALTER TABLE node ADD predicate__tmp INT;
success!
UPDATE node SET predicate__tmp=predicate;
success!
ALTER TABLE node DROP COLUMN predicate;
success!
ALTER TABLE node ADD predicate INT;
success!
UPDATE node SET predicate=predicate__tmp;
success!
ALTER TABLE node DROP COLUMN predicate__tmp;
success!
success!
timestamp: 2018-06-20T19:50:36.149890
CREATE TABLE predicate(
    id INT AUTO_INCREMENT NOT NULL,
    node INT  , INDEX node__idx (node), FOREIGN KEY (node) REFERENCES node (id) ON DELETE CASCADE,
    group INT,
    PRIMARY KEY (id)
) ENGINE=InnoDB CHARACTER SET utf8;
timestamp: 2018-06-20T19:52:36.686233
CREATE TABLE predicate(
    id INT AUTO_INCREMENT NOT NULL,
    node INT  , INDEX node__idx (node), FOREIGN KEY (node) REFERENCES node (id) ON DELETE CASCADE,
    predicate_group INT,
    PRIMARY KEY (id)
) ENGINE=InnoDB CHARACTER SET utf8;
success!
timestamp: 2018-06-26T18:56:14.418890
ALTER TABLE node ADD symmetric CHAR(1);
success!
timestamp: 2018-06-26T18:56:14.523245
ALTER TABLE node ADD predicates INT;
success!
timestamp: 2018-06-26T18:56:14.621267
ALTER TABLE node DROP COLUMN predicate;
success!
timestamp: 2018-06-26T19:43:11.562902
ALTER TABLE node DROP COLUMN predicates;
success!
timestamp: 2018-06-29T00:52:41.057221
ALTER TABLE concept ADD symmetric CHAR(1);
success!
success!
timestamp: 2018-06-29T00:52:41.224760
ALTER TABLE node DROP COLUMN symmetric;
success!
timestamp: 2018-07-09T18:41:24.021175
CREATE TABLE concept_dependency(
    id INT AUTO_INCREMENT NOT NULL,
    concept INT  , INDEX concept__idx (concept), FOREIGN KEY (concept) REFERENCES concept (id) ON DELETE CASCADE,
    dependency INT  , INDEX dependency__idx (dependency), FOREIGN KEY (dependency) REFERENCES concept (id) ON DELETE CASCADE,
    PRIMARY KEY (id)
) ENGINE=InnoDB CHARACTER SET utf8;
success!
timestamp: 2018-07-11T19:00:48.237281
ALTER TABLE concept ADD head INT  , ADD INDEX head__idx (head), ADD FOREIGN KEY (head) REFERENCES concept (id) ON DELETE CASCADE;
success!
timestamp: 2018-07-11T19:00:48.346311
ALTER TABLE concept ADD reference INT  , ADD INDEX reference__idx (reference), ADD FOREIGN KEY (reference) REFERENCES concept (id) ON DELETE CASCADE;
success!
success!
timestamp: 2018-07-11T19:09:04.789118
ALTER TABLE node ADD node_values VARCHAR(512);
success!
timestamp: 2018-09-20T22:46:17.239432
ALTER TABLE node ADD name VARCHAR(512);
success!
success!
timestamp: 2018-09-27T18:22:28.372813
ALTER TABLE concept ADD inherits CHAR(1);
success!
success!
timestamp: 2018-10-15T17:40:29.747693
CREATE TABLE relation(
    id INT AUTO_INCREMENT NOT NULL,
    parent INT  , INDEX parent__idx (parent), FOREIGN KEY (parent) REFERENCES relation (id) ON DELETE CASCADE,
    name VARCHAR(512),
    description VARCHAR(512),
    PRIMARY KEY (id)
) ENGINE=InnoDB CHARACTER SET utf8;
success!
timestamp: 2018-10-15T17:40:29.797733
CREATE TABLE relation_dependency(
    id INT AUTO_INCREMENT NOT NULL,
    relation INT  , INDEX relation__idx (relation), FOREIGN KEY (relation) REFERENCES relation (id) ON DELETE CASCADE,
    dependency INT  , INDEX dependency__idx (dependency), FOREIGN KEY (dependency) REFERENCES relation (id) ON DELETE CASCADE,
    PRIMARY KEY (id)
) ENGINE=InnoDB CHARACTER SET utf8;
success!
timestamp: 2018-10-15T17:40:29.846876
ALTER TABLE concept ADD relation INT  , ADD INDEX relation__idx (relation), ADD FOREIGN KEY (relation) REFERENCES relation (id) ON DELETE CASCADE;
success!
timestamp: 2018-10-15T17:40:30.032721
ALTER TABLE concept DROP COLUMN framework;
timestamp: 2018-10-15T18:39:28.093012
ALTER TABLE concept ADD law INT  , ADD INDEX law__idx (law), ADD FOREIGN KEY (law) REFERENCES law (id) ON DELETE CASCADE;
success!
timestamp: 2018-10-15T18:39:28.209802
ALTER TABLE concept DROP COLUMN relation;
timestamp: 2018-10-15T18:48:31.093971
ALTER TABLE concept DROP COLUMN relation;
timestamp: 2018-10-15T18:50:30.427779
ALTER TABLE concept DROP COLUMN relation;
timestamp: 2018-10-15T18:52:01.670703
ALTER TABLE concept DROP COLUMN relation;
success!
timestamp: 2018-11-09T01:40:54.226910
ALTER TABLE concept ADD value VARCHAR(512);
success!
success!
timestamp: 2018-12-19T19:25:31.031236
ALTER TABLE law ADD hashtags VARCHAR(512);
success!
success!
